<?xml version="1.0" encoding="UTF-8"?>
<testsuite xmlns:xsi="http://www.w3.org/2001/XMLSchema-instance" xsi:noNamespaceSchemaLocation="https://maven.apache.org/surefire/maven-surefire-plugin/xsd/surefire-test-report.xsd" version="3.0.2" name="com.example.samuraitravel.SamuraitravelApplicationTests" time="9.322" tests="1" errors="0" skipped="0" failures="0">
  <properties>
[...]
</properties>
  <testcase name="contextLoads" classname="com.example.samuraitravel.SamuraitravelApplicationTests" time="0.923">
    <system-out><![CDATA[07:49:54.754 [main] INFO org.springframework.test.context.support.AnnotationConfigContextLoaderUtils -- Could not detect default configuration classes for test class [com.example.samuraitravel.SamuraitravelApplicationTests]: SamuraitravelApplicationTests does not declare any static, non-private, non-final, nested classes annotated with @Configuration.
07:49:54.945 [main] INFO org.springframework.boot.test.context.SpringBootTestContextBootstrapper -- Found @SpringBootConfiguration com.example.samuraitravel.SamuraitravelApplication for test class com.example.samuraitravel.SamuraitravelApplicationTests
07:49:55.287 [main] INFO org.springframework.boot.devtools.restart.RestartApplicationListener -- Restart disabled due to context in which it is running

  .   ____          _            __ _ _
 /\\ / ___'_ __ _ _(_)_ __  __ _ \ \ \ \
( ( )\___ | '_ | '_| | '_ \/ _` | \ \ \ \
 \\/  ___)| |_)| | | | | || (_| |  ) ) ) )
  '  |____| .__|_| |_|_| |_\__, | / / / /
 =========|_|==============|___/=/_/_/_/

 :: Spring Boot ::                (v3.4.4)

2025-04-08T07:49:55.790+09:00  INFO 392 --- [samuraitravel] [           main] c.e.s.SamuraitravelApplicationTests      : Starting SamuraitravelApplicationTests using Java 21.0.2 with PID 392 (started by user in C:\pleiades\2023-12\workspace\samuraitravel)
2025-04-08T07:49:55.792+09:00  INFO 392 --- [samuraitravel] [           main] c.e.s.SamuraitravelApplicationTests      : No active profile set, falling back to 1 default profile: "default"
2025-04-08T07:49:57.222+09:00  INFO 392 --- [samuraitravel] [           main] .s.d.r.c.RepositoryConfigurationDelegate : Bootstrapping Spring Data JPA repositories in DEFAULT mode.
2025-04-08T07:49:57.322+09:00  INFO 392 --- [samuraitravel] [           main] .s.d.r.c.RepositoryConfigurationDelegate : Finished Spring Data repository scanning in 84 ms. Found 2 JPA repository interfaces.
2025-04-08T07:49:58.155+09:00  INFO 392 --- [samuraitravel] [           main] com.zaxxer.hikari.HikariDataSource       : HikariPool-1 - Starting...
2025-04-08T07:49:58.503+09:00  INFO 392 --- [samuraitravel] [           main] com.zaxxer.hikari.pool.HikariPool        : HikariPool-1 - Added connection com.mysql.cj.jdbc.ConnectionImpl@10f405ff
2025-04-08T07:49:58.506+09:00  INFO 392 --- [samuraitravel] [           main] com.zaxxer.hikari.HikariDataSource       : HikariPool-1 - Start completed.
2025-04-08T07:49:58.736+09:00  INFO 392 --- [samuraitravel] [           main] o.hibernate.jpa.internal.util.LogHelper  : HHH000204: Processing PersistenceUnitInfo [name: default]
2025-04-08T07:49:58.832+09:00  INFO 392 --- [samuraitravel] [           main] org.hibernate.Version                    : HHH000412: Hibernate ORM core version 6.6.11.Final
2025-04-08T07:49:58.902+09:00  INFO 392 --- [samuraitravel] [           main] o.h.c.internal.RegionFactoryInitiator    : HHH000026: Second-level cache disabled
2025-04-08T07:49:59.440+09:00  INFO 392 --- [samuraitravel] [           main] o.s.o.j.p.SpringPersistenceUnitInfo      : No LoadTimeWeaver setup: ignoring JPA class transformer
2025-04-08T07:49:59.560+09:00  WARN 392 --- [samuraitravel] [           main] org.hibernate.dialect.Dialect            : HHH000511: The 5.5.5 version for [org.hibernate.dialect.MySQLDialect] is no longer supported, hence certain features may not work properly. The minimum supported version is 8.0.0. Check the community dialects project for available legacy versions.
2025-04-08T07:49:59.593+09:00  INFO 392 --- [samuraitravel] [           main] org.hibernate.orm.connections.pooling    : HHH10001005: Database info:
	Database JDBC URL [Connecting through datasource 'HikariDataSource (HikariPool-1)']
	Database driver: undefined/unknown
	Database version: 5.5.5
	Autocommit mode: undefined/unknown
	Isolation level: undefined/unknown
	Minimum pool size: undefined/unknown
	Maximum pool size: undefined/unknown
2025-04-08T07:50:00.668+09:00  INFO 392 --- [samuraitravel] [           main] o.h.e.t.j.p.i.JtaPlatformInitiator       : HHH000489: No JTA platform available (set 'hibernate.transaction.jta.platform' to enable JTA platform integration)
2025-04-08T07:50:00.671+09:00  INFO 392 --- [samuraitravel] [           main] j.LocalContainerEntityManagerFactoryBean : Initialized JPA EntityManagerFactory for persistence unit 'default'
2025-04-08T07:50:01.385+09:00  WARN 392 --- [samuraitravel] [           main] JpaBaseConfiguration$JpaWebConfiguration : spring.jpa.open-in-view is enabled by default. Therefore, database queries may be performed during view rendering. Explicitly configure spring.jpa.open-in-view to disable this warning
2025-04-08T07:50:01.437+09:00  INFO 392 --- [samuraitravel] [           main] r$InitializeUserDetailsManagerConfigurer : Global AuthenticationManager configured with UserDetailsService bean with name userDetailsServiceImpl
2025-04-08T07:50:01.575+09:00  INFO 392 --- [samuraitravel] [           main] o.s.b.a.w.s.WelcomePageHandlerMapping    : Adding welcome page template: index
2025-04-08T07:50:02.823+09:00  INFO 392 --- [samuraitravel] [           main] c.e.s.SamuraitravelApplicationTests      : Started SamuraitravelApplicationTests in 7.558 seconds (process running for 9.599)
]]></system-out>
    <system-err><![CDATA[Mockito is currently self-attaching to enable the inline-mock-maker. This will no longer work in future releases of the JDK. Please add Mockito as an agent to your build what is described in Mockito's documentation: https://javadoc.io/doc/org.mockito/mockito-core/latest/org/mockito/Mockito.html#0.3
WARNING: A Java agent has been loaded dynamically (C:\Users\user\.m2\repository\net\bytebuddy\byte-buddy-agent\1.15.11\byte-buddy-agent-1.15.11.jar)
WARNING: If a serviceability tool is in use, please run with -XX:+EnableDynamicAgentLoading to hide this warning
WARNING: If a serviceability tool is not in use, please run with -Djdk.instrument.traceUsage for more information
WARNING: Dynamic loading of agents will be disallowed by default in a future release
]]></system-err>
  </testcase>
</testsuite>